\BOOKMARK [1][-]{section.1}{Versuchsziel und \334berblick}{}% 1
\BOOKMARK [1][-]{section.2}{Theoretische Grundlagen}{}% 2
\BOOKMARK [2][-]{subsection.2.1}{Quantenmechanisches Teilchen in einer Box}{section.2}% 3
\BOOKMARK [2][-]{subsection.2.2}{Analogon zum Wasserstoffatom}{section.2}% 4
\BOOKMARK [2][-]{subsection.2.3}{Modell eines Molek\374ls}{section.2}% 5
\BOOKMARK [2][-]{subsection.2.4}{Modellierung eines eindimensionalen Festk\366rpers}{section.2}% 6
\BOOKMARK [1][-]{section.3}{Aufbau und Versuchsprinzip}{}% 7
\BOOKMARK [1][-]{section.4}{Durchf\374hrung}{}% 8
\BOOKMARK [2][-]{subsection.4.1}{R\366hrenresonator}{section.4}% 9
\BOOKMARK [3][-]{subsubsection.4.1.1}{Messung der Resonanzfrequenz und Bestimmung der Schallgeschwindigkeit}{subsection.4.1}% 10
\BOOKMARK [3][-]{subsubsection.4.1.2}{Theoretisches Modell und Reproduzierbarkeit}{subsection.4.1}% 11
\BOOKMARK [2][-]{subsection.4.2}{Kugelresonator}{section.4}% 12
\BOOKMARK [3][-]{subsubsection.4.2.1}{Bestimmung der Resonanzfrequenzen und Winkelabh\344ngigkeit der Wellenfunktionen}{subsection.4.2}% 13
\BOOKMARK [3][-]{subsubsection.4.2.2}{Polardiagramme}{subsection.4.2}% 14
\BOOKMARK [2][-]{subsection.4.3}{Symmetriebrechung}{section.4}% 15
\BOOKMARK [2][-]{subsection.4.4}{Analogie zum Wasserstoffmolek\374l}{section.4}% 16
\BOOKMARK [2][-]{subsection.4.5}{Analogie zum 1D-Festk\366rper}{section.4}% 17
\BOOKMARK [3][-]{subsubsection.4.5.1}{R\366hrenresonator mit Irisblenden}{subsection.4.5}% 18
\BOOKMARK [3][-]{subsubsection.4.5.2}{Atom - Molek\374l - Kette}{subsection.4.5}% 19
\BOOKMARK [3][-]{subsubsection.4.5.3}{\334berstrukturen und Einheitszellen mit mehr als einem Atom}{subsection.4.5}% 20
\BOOKMARK [3][-]{subsubsection.4.5.4}{Defekte}{subsection.4.5}% 21
\BOOKMARK [1][-]{section.5}{Auswertung}{}% 22
\BOOKMARK [2][-]{subsection.5.1}{R\366hrenresonator}{section.5}% 23
\BOOKMARK [3][-]{subsubsection.5.1.1}{Messung der Resonanzfrequenz und Bestimmung der Schallgeschwindigkeit}{subsection.5.1}% 24
\BOOKMARK [3][-]{subsubsection.5.1.2}{Theoretisches Modell und Reproduzierbarkeit}{subsection.5.1}% 25
\BOOKMARK [2][-]{subsection.5.2}{Kugelresonator}{section.5}% 26
\BOOKMARK [3][-]{subsubsection.5.2.1}{Bestimmung der Resonanzfrequenzen und Winkelabh\344ngigkeit der Wellenfunktion}{subsection.5.2}% 27
\BOOKMARK [3][-]{subsubsection.5.2.2}{Polardiagramme}{subsection.5.2}% 28
\BOOKMARK [2][-]{subsection.5.3}{Symmetriebrechung}{section.5}% 29
\BOOKMARK [2][-]{subsection.5.4}{Analogie zum Wasserstoffmolek\374l}{section.5}% 30
\BOOKMARK [2][-]{subsection.5.5}{Analogie zum 1D-Festk\366rper}{section.5}% 31
\BOOKMARK [3][-]{subsubsection.5.5.1}{R\366hrenresonator mit Irisblenden}{subsection.5.5}% 32
\BOOKMARK [3][-]{subsubsection.5.5.2}{Atom-Molek\374l-Kette}{subsection.5.5}% 33
\BOOKMARK [3][-]{subsubsection.5.5.3}{\334berstrukturen und Einheitszellen mit mehr als einem Atom}{subsection.5.5}% 34
\BOOKMARK [3][-]{subsubsection.5.5.4}{Defekte}{subsection.5.5}% 35
\BOOKMARK [1][-]{section.6}{Fazit}{}% 36
